{"C:\\Users\\gfore\\OneDrive\\Documents\\gforest\\2018\\05 - AMINUM\\41 - Stage\\JavaScript\\chessboard1\\chessapp.js": {"path":"C:\\Users\\gfore\\OneDrive\\Documents\\gforest\\2018\\05 - AMINUM\\41 - Stage\\JavaScript\\chessboard1\\chessapp.js","statementMap":{"0":{"start":{"line":2,"column":0},"end":{"line":2,"column":53}},"1":{"start":{"line":4,"column":0},"end":{"line":4,"column":48}},"2":{"start":{"line":5,"column":0},"end":{"line":5,"column":50}},"3":{"start":{"line":6,"column":0},"end":{"line":6,"column":50}},"4":{"start":{"line":7,"column":0},"end":{"line":7,"column":48}},"5":{"start":{"line":8,"column":0},"end":{"line":8,"column":48}},"6":{"start":{"line":9,"column":0},"end":{"line":9,"column":48}},"7":{"start":{"line":10,"column":0},"end":{"line":10,"column":56}},"8":{"start":{"line":11,"column":0},"end":{"line":11,"column":56}},"9":{"start":{"line":14,"column":16},"end":{"line":14,"column":34}},"10":{"start":{"line":15,"column":12},"end":{"line":15,"column":21}},"11":{"start":{"line":20,"column":13},"end":{"line":20,"column":28}},"12":{"start":{"line":23,"column":0},"end":{"line":23,"column":56}},"13":{"start":{"line":25,"column":19},"end":{"line":25,"column":41}},"14":{"start":{"line":27,"column":0},"end":{"line":27,"column":24}},"15":{"start":{"line":29,"column":0},"end":{"line":29,"column":48}},"16":{"start":{"line":32,"column":0},"end":{"line":37,"column":3}},"17":{"start":{"line":33,"column":2},"end":{"line":33,"column":52}},"18":{"start":{"line":34,"column":2},"end":{"line":34,"column":122}},"19":{"start":{"line":35,"column":2},"end":{"line":35,"column":90}},"20":{"start":{"line":36,"column":2},"end":{"line":36,"column":9}},"21":{"start":{"line":38,"column":0},"end":{"line":38,"column":30}},"22":{"start":{"line":43,"column":19},"end":{"line":43,"column":47}},"23":{"start":{"line":44,"column":24},"end":{"line":44,"column":52}},"24":{"start":{"line":45,"column":18},"end":{"line":45,"column":47}},"25":{"start":{"line":48,"column":0},"end":{"line":48,"column":24}},"26":{"start":{"line":49,"column":0},"end":{"line":49,"column":29}},"27":{"start":{"line":50,"column":0},"end":{"line":50,"column":23}},"28":{"start":{"line":52,"column":0},"end":{"line":52,"column":21}}},"fnMap":{"0":{"name":"(anonymous_0)","decl":{"start":{"line":32,"column":8},"end":{"line":32,"column":9}},"loc":{"start":{"line":32,"column":28},"end":{"line":37,"column":1}},"line":32}},"branchMap":{},"s":{"0":1,"1":1,"2":1,"3":1,"4":1,"5":1,"6":1,"7":1,"8":1,"9":1,"10":1,"11":1,"12":1,"13":1,"14":1,"15":1,"16":1,"17":6,"18":6,"19":6,"20":6,"21":1,"22":1,"23":1,"24":1,"25":1,"26":1,"27":1,"28":1},"f":{"0":6},"b":{},"_coverageSchema":"1a1c01bbd47fc00a2c39e90264f33305004495a9","hash":"f6222f1873c3399eefd54c881f117af02f5c956a"}
,"C:\\Users\\gfore\\OneDrive\\Documents\\gforest\\2018\\05 - AMINUM\\41 - Stage\\JavaScript\\chessboard1\\model\\chessgame.js": {"path":"C:\\Users\\gfore\\OneDrive\\Documents\\gforest\\2018\\05 - AMINUM\\41 - Stage\\JavaScript\\chessboard1\\model\\chessgame.js","statementMap":{"0":{"start":{"line":4,"column":14},"end":{"line":4,"column":30}},"1":{"start":{"line":6,"column":0},"end":{"line":6,"column":54}},"2":{"start":{"line":14,"column":24},"end":{"line":20,"column":2}},"3":{"start":{"line":22,"column":0},"end":{"line":22,"column":54}},"4":{"start":{"line":36,"column":23},"end":{"line":38,"column":35}},"5":{"start":{"line":39,"column":4},"end":{"line":48,"column":7}},"6":{"start":{"line":40,"column":8},"end":{"line":44,"column":9}},"7":{"start":{"line":41,"column":12},"end":{"line":41,"column":44}},"8":{"start":{"line":42,"column":12},"end":{"line":42,"column":37}},"9":{"start":{"line":43,"column":12},"end":{"line":43,"column":39}},"10":{"start":{"line":45,"column":8},"end":{"line":45,"column":41}},"11":{"start":{"line":46,"column":8},"end":{"line":46,"column":25}},"12":{"start":{"line":47,"column":8},"end":{"line":47,"column":35}},"13":{"start":{"line":52,"column":23},"end":{"line":52,"column":59}},"14":{"start":{"line":53,"column":4},"end":{"line":80,"column":5}},"15":{"start":{"line":54,"column":8},"end":{"line":76,"column":11}},"16":{"start":{"line":55,"column":12},"end":{"line":59,"column":13}},"17":{"start":{"line":56,"column":16},"end":{"line":56,"column":52}},"18":{"start":{"line":57,"column":16},"end":{"line":57,"column":41}},"19":{"start":{"line":58,"column":16},"end":{"line":58,"column":43}},"20":{"start":{"line":60,"column":12},"end":{"line":60,"column":49}},"21":{"start":{"line":61,"column":12},"end":{"line":61,"column":29}},"22":{"start":{"line":62,"column":12},"end":{"line":62,"column":39}},"23":{"start":{"line":79,"column":8},"end":{"line":79,"column":37}},"24":{"start":{"line":84,"column":23},"end":{"line":84,"column":48}},"25":{"start":{"line":86,"column":4},"end":{"line":108,"column":7}},"26":{"start":{"line":87,"column":8},"end":{"line":91,"column":9}},"27":{"start":{"line":88,"column":12},"end":{"line":88,"column":48}},"28":{"start":{"line":89,"column":12},"end":{"line":89,"column":37}},"29":{"start":{"line":90,"column":12},"end":{"line":90,"column":39}},"30":{"start":{"line":92,"column":8},"end":{"line":92,"column":45}},"31":{"start":{"line":93,"column":8},"end":{"line":93,"column":25}},"32":{"start":{"line":94,"column":8},"end":{"line":94,"column":35}},"33":{"start":{"line":121,"column":23},"end":{"line":121,"column":57}},"34":{"start":{"line":122,"column":4},"end":{"line":131,"column":7}},"35":{"start":{"line":123,"column":8},"end":{"line":127,"column":9}},"36":{"start":{"line":124,"column":12},"end":{"line":124,"column":48}},"37":{"start":{"line":125,"column":12},"end":{"line":125,"column":37}},"38":{"start":{"line":126,"column":12},"end":{"line":126,"column":39}},"39":{"start":{"line":128,"column":8},"end":{"line":128,"column":45}},"40":{"start":{"line":129,"column":8},"end":{"line":129,"column":25}},"41":{"start":{"line":130,"column":8},"end":{"line":130,"column":35}},"42":{"start":{"line":136,"column":23},"end":{"line":144,"column":19}},"43":{"start":{"line":146,"column":4},"end":{"line":155,"column":7}},"44":{"start":{"line":147,"column":8},"end":{"line":151,"column":9}},"45":{"start":{"line":148,"column":12},"end":{"line":148,"column":48}},"46":{"start":{"line":149,"column":12},"end":{"line":149,"column":37}},"47":{"start":{"line":150,"column":12},"end":{"line":150,"column":39}},"48":{"start":{"line":152,"column":8},"end":{"line":152,"column":45}},"49":{"start":{"line":153,"column":8},"end":{"line":153,"column":25}},"50":{"start":{"line":154,"column":8},"end":{"line":154,"column":35}},"51":{"start":{"line":158,"column":0},"end":{"line":158,"column":45}},"52":{"start":{"line":159,"column":0},"end":{"line":159,"column":51}},"53":{"start":{"line":160,"column":0},"end":{"line":160,"column":53}},"54":{"start":{"line":161,"column":0},"end":{"line":161,"column":55}},"55":{"start":{"line":162,"column":0},"end":{"line":162,"column":55}}},"fnMap":{"0":{"name":"saveChessGame","decl":{"start":{"line":35,"column":9},"end":{"line":35,"column":22}},"loc":{"start":{"line":35,"column":39},"end":{"line":49,"column":1}},"line":35},"1":{"name":"(anonymous_1)","decl":{"start":{"line":39,"column":44},"end":{"line":39,"column":45}},"loc":{"start":{"line":39,"column":58},"end":{"line":48,"column":5}},"line":39},"2":{"name":"findOneChessGame","decl":{"start":{"line":51,"column":9},"end":{"line":51,"column":25}},"loc":{"start":{"line":51,"column":40},"end":{"line":81,"column":1}},"line":51},"3":{"name":"(anonymous_3)","decl":{"start":{"line":54,"column":48},"end":{"line":54,"column":49}},"loc":{"start":{"line":54,"column":62},"end":{"line":76,"column":9}},"line":54},"4":{"name":"findAllChessGames","decl":{"start":{"line":83,"column":9},"end":{"line":83,"column":26}},"loc":{"start":{"line":83,"column":37},"end":{"line":109,"column":1}},"line":83},"5":{"name":"(anonymous_5)","decl":{"start":{"line":86,"column":38},"end":{"line":86,"column":39}},"loc":{"start":{"line":86,"column":52},"end":{"line":108,"column":5}},"line":86},"6":{"name":"deleteOneChessGame","decl":{"start":{"line":120,"column":9},"end":{"line":120,"column":27}},"loc":{"start":{"line":120,"column":42},"end":{"line":132,"column":1}},"line":120},"7":{"name":"(anonymous_7)","decl":{"start":{"line":122,"column":44},"end":{"line":122,"column":45}},"loc":{"start":{"line":122,"column":58},"end":{"line":131,"column":5}},"line":122},"8":{"name":"updateOneChessGame","decl":{"start":{"line":134,"column":9},"end":{"line":134,"column":27}},"loc":{"start":{"line":134,"column":45},"end":{"line":156,"column":1}},"line":134},"9":{"name":"(anonymous_9)","decl":{"start":{"line":146,"column":53},"end":{"line":146,"column":54}},"loc":{"start":{"line":146,"column":67},"end":{"line":155,"column":5}},"line":146}},"branchMap":{"0":{"loc":{"start":{"line":40,"column":8},"end":{"line":44,"column":9}},"type":"if","locations":[{"start":{"line":40,"column":8},"end":{"line":44,"column":9}},{"start":{},"end":{}}],"line":40},"1":{"loc":{"start":{"line":55,"column":12},"end":{"line":59,"column":13}},"type":"if","locations":[{"start":{"line":55,"column":12},"end":{"line":59,"column":13}},{"start":{},"end":{}}],"line":55},"2":{"loc":{"start":{"line":87,"column":8},"end":{"line":91,"column":9}},"type":"if","locations":[{"start":{"line":87,"column":8},"end":{"line":91,"column":9}},{"start":{},"end":{}}],"line":87},"3":{"loc":{"start":{"line":123,"column":8},"end":{"line":127,"column":9}},"type":"if","locations":[{"start":{"line":123,"column":8},"end":{"line":127,"column":9}},{"start":{},"end":{}}],"line":123},"4":{"loc":{"start":{"line":147,"column":8},"end":{"line":151,"column":9}},"type":"if","locations":[{"start":{"line":147,"column":8},"end":{"line":151,"column":9}},{"start":{},"end":{}}],"line":147}},"s":{"0":1,"1":1,"2":1,"3":1,"4":0,"5":0,"6":0,"7":0,"8":0,"9":0,"10":0,"11":0,"12":0,"13":0,"14":0,"15":0,"16":0,"17":0,"18":0,"19":0,"20":0,"21":0,"22":0,"23":0,"24":0,"25":0,"26":0,"27":0,"28":0,"29":0,"30":0,"31":0,"32":0,"33":0,"34":0,"35":0,"36":0,"37":0,"38":0,"39":0,"40":0,"41":0,"42":0,"43":0,"44":0,"45":0,"46":0,"47":0,"48":0,"49":0,"50":0,"51":1,"52":1,"53":1,"54":1,"55":1},"f":{"0":0,"1":0,"2":0,"3":0,"4":0,"5":0,"6":0,"7":0,"8":0,"9":0},"b":{"0":[0,0],"1":[0,0],"2":[0,0],"3":[0,0],"4":[0,0]},"_coverageSchema":"1a1c01bbd47fc00a2c39e90264f33305004495a9","hash":"62d07d8a38cf03f57145ba18b7e5380be1ea97c8"}
,"C:\\Users\\gfore\\OneDrive\\Documents\\gforest\\2018\\05 - AMINUM\\41 - Stage\\JavaScript\\chessboard1\\model\\utilisateur.js": {"path":"C:\\Users\\gfore\\OneDrive\\Documents\\gforest\\2018\\05 - AMINUM\\41 - Stage\\JavaScript\\chessboard1\\model\\utilisateur.js","statementMap":{"0":{"start":{"line":1,"column":14},"end":{"line":1,"column":30}},"1":{"start":{"line":11,"column":24},"end":{"line":17,"column":2}},"2":{"start":{"line":19,"column":0},"end":{"line":19,"column":56}},"3":{"start":{"line":32,"column":8},"end":{"line":32,"column":21}},"4":{"start":{"line":33,"column":8},"end":{"line":33,"column":27}},"5":{"start":{"line":34,"column":8},"end":{"line":34,"column":35}},"6":{"start":{"line":35,"column":8},"end":{"line":35,"column":33}},"7":{"start":{"line":40,"column":23},"end":{"line":40,"column":90}},"8":{"start":{"line":41,"column":4},"end":{"line":50,"column":7}},"9":{"start":{"line":42,"column":8},"end":{"line":46,"column":9}},"10":{"start":{"line":45,"column":12},"end":{"line":45,"column":39}},"11":{"start":{"line":49,"column":8},"end":{"line":49,"column":35}},"12":{"start":{"line":54,"column":23},"end":{"line":54,"column":55}},"13":{"start":{"line":55,"column":4},"end":{"line":82,"column":5}},"14":{"start":{"line":56,"column":8},"end":{"line":78,"column":11}},"15":{"start":{"line":57,"column":12},"end":{"line":61,"column":13}},"16":{"start":{"line":58,"column":16},"end":{"line":58,"column":52}},"17":{"start":{"line":59,"column":16},"end":{"line":59,"column":41}},"18":{"start":{"line":60,"column":16},"end":{"line":60,"column":43}},"19":{"start":{"line":62,"column":12},"end":{"line":62,"column":49}},"20":{"start":{"line":63,"column":12},"end":{"line":63,"column":29}},"21":{"start":{"line":64,"column":12},"end":{"line":64,"column":39}},"22":{"start":{"line":81,"column":8},"end":{"line":81,"column":37}},"23":{"start":{"line":86,"column":23},"end":{"line":86,"column":44}},"24":{"start":{"line":88,"column":4},"end":{"line":110,"column":7}},"25":{"start":{"line":89,"column":8},"end":{"line":93,"column":9}},"26":{"start":{"line":90,"column":12},"end":{"line":90,"column":48}},"27":{"start":{"line":91,"column":12},"end":{"line":91,"column":37}},"28":{"start":{"line":92,"column":12},"end":{"line":92,"column":39}},"29":{"start":{"line":94,"column":8},"end":{"line":94,"column":45}},"30":{"start":{"line":95,"column":8},"end":{"line":95,"column":25}},"31":{"start":{"line":96,"column":8},"end":{"line":96,"column":35}},"32":{"start":{"line":123,"column":23},"end":{"line":123,"column":53}},"33":{"start":{"line":124,"column":4},"end":{"line":133,"column":7}},"34":{"start":{"line":125,"column":8},"end":{"line":129,"column":9}},"35":{"start":{"line":126,"column":12},"end":{"line":126,"column":48}},"36":{"start":{"line":127,"column":12},"end":{"line":127,"column":37}},"37":{"start":{"line":128,"column":12},"end":{"line":128,"column":39}},"38":{"start":{"line":130,"column":8},"end":{"line":130,"column":45}},"39":{"start":{"line":131,"column":8},"end":{"line":131,"column":25}},"40":{"start":{"line":132,"column":8},"end":{"line":132,"column":35}},"41":{"start":{"line":137,"column":23},"end":{"line":137,"column":92}},"42":{"start":{"line":138,"column":4},"end":{"line":147,"column":7}},"43":{"start":{"line":139,"column":8},"end":{"line":143,"column":9}},"44":{"start":{"line":140,"column":12},"end":{"line":140,"column":48}},"45":{"start":{"line":141,"column":12},"end":{"line":141,"column":37}},"46":{"start":{"line":142,"column":12},"end":{"line":142,"column":39}},"47":{"start":{"line":144,"column":8},"end":{"line":144,"column":45}},"48":{"start":{"line":145,"column":8},"end":{"line":145,"column":25}},"49":{"start":{"line":146,"column":8},"end":{"line":146,"column":35}},"50":{"start":{"line":149,"column":0},"end":{"line":149,"column":35}},"51":{"start":{"line":150,"column":0},"end":{"line":150,"column":41}},"52":{"start":{"line":151,"column":0},"end":{"line":151,"column":43}},"53":{"start":{"line":152,"column":0},"end":{"line":152,"column":45}},"54":{"start":{"line":153,"column":0},"end":{"line":153,"column":45}}},"fnMap":{"0":{"name":"(anonymous_0)","decl":{"start":{"line":31,"column":4},"end":{"line":31,"column":5}},"loc":{"start":{"line":31,"column":48},"end":{"line":36,"column":5}},"line":31},"1":{"name":"saveUser","decl":{"start":{"line":39,"column":9},"end":{"line":39,"column":17}},"loc":{"start":{"line":39,"column":56},"end":{"line":51,"column":1}},"line":39},"2":{"name":"(anonymous_2)","decl":{"start":{"line":41,"column":68},"end":{"line":41,"column":69}},"loc":{"start":{"line":41,"column":82},"end":{"line":50,"column":5}},"line":41},"3":{"name":"findOneUser","decl":{"start":{"line":53,"column":9},"end":{"line":53,"column":20}},"loc":{"start":{"line":53,"column":35},"end":{"line":83,"column":1}},"line":53},"4":{"name":"(anonymous_4)","decl":{"start":{"line":56,"column":48},"end":{"line":56,"column":49}},"loc":{"start":{"line":56,"column":62},"end":{"line":78,"column":9}},"line":56},"5":{"name":"findAllUsers","decl":{"start":{"line":85,"column":9},"end":{"line":85,"column":21}},"loc":{"start":{"line":85,"column":32},"end":{"line":111,"column":1}},"line":85},"6":{"name":"(anonymous_6)","decl":{"start":{"line":88,"column":38},"end":{"line":88,"column":39}},"loc":{"start":{"line":88,"column":52},"end":{"line":110,"column":5}},"line":88},"7":{"name":"deleteOneUser","decl":{"start":{"line":122,"column":9},"end":{"line":122,"column":22}},"loc":{"start":{"line":122,"column":37},"end":{"line":134,"column":1}},"line":122},"8":{"name":"(anonymous_8)","decl":{"start":{"line":124,"column":44},"end":{"line":124,"column":45}},"loc":{"start":{"line":124,"column":58},"end":{"line":133,"column":5}},"line":124},"9":{"name":"updateOneUser","decl":{"start":{"line":136,"column":9},"end":{"line":136,"column":22}},"loc":{"start":{"line":136,"column":60},"end":{"line":148,"column":1}},"line":136},"10":{"name":"(anonymous_10)","decl":{"start":{"line":138,"column":72},"end":{"line":138,"column":73}},"loc":{"start":{"line":138,"column":86},"end":{"line":147,"column":5}},"line":138}},"branchMap":{"0":{"loc":{"start":{"line":42,"column":8},"end":{"line":46,"column":9}},"type":"if","locations":[{"start":{"line":42,"column":8},"end":{"line":46,"column":9}},{"start":{},"end":{}}],"line":42},"1":{"loc":{"start":{"line":57,"column":12},"end":{"line":61,"column":13}},"type":"if","locations":[{"start":{"line":57,"column":12},"end":{"line":61,"column":13}},{"start":{},"end":{}}],"line":57},"2":{"loc":{"start":{"line":89,"column":8},"end":{"line":93,"column":9}},"type":"if","locations":[{"start":{"line":89,"column":8},"end":{"line":93,"column":9}},{"start":{},"end":{}}],"line":89},"3":{"loc":{"start":{"line":125,"column":8},"end":{"line":129,"column":9}},"type":"if","locations":[{"start":{"line":125,"column":8},"end":{"line":129,"column":9}},{"start":{},"end":{}}],"line":125},"4":{"loc":{"start":{"line":139,"column":8},"end":{"line":143,"column":9}},"type":"if","locations":[{"start":{"line":139,"column":8},"end":{"line":143,"column":9}},{"start":{},"end":{}}],"line":139}},"s":{"0":2,"1":2,"2":2,"3":0,"4":0,"5":0,"6":0,"7":2,"8":2,"9":1,"10":0,"11":1,"12":2,"13":2,"14":2,"15":2,"16":0,"17":0,"18":0,"19":2,"20":2,"21":2,"22":0,"23":1,"24":1,"25":1,"26":0,"27":0,"28":0,"29":1,"30":1,"31":1,"32":1,"33":1,"34":1,"35":0,"36":0,"37":0,"38":1,"39":1,"40":1,"41":1,"42":1,"43":1,"44":0,"45":0,"46":0,"47":1,"48":1,"49":1,"50":2,"51":2,"52":2,"53":2,"54":2},"f":{"0":0,"1":2,"2":1,"3":2,"4":2,"5":1,"6":1,"7":1,"8":1,"9":1,"10":1},"b":{"0":[0,1],"1":[0,2],"2":[0,1],"3":[0,1],"4":[0,1]},"_coverageSchema":"1a1c01bbd47fc00a2c39e90264f33305004495a9","hash":"519c92405726516bb6053726202bbdec925bcca1"}
,"C:\\Users\\gfore\\OneDrive\\Documents\\gforest\\2018\\05 - AMINUM\\41 - Stage\\JavaScript\\chessboard1\\routes\\cgroutes.js": {"path":"C:\\Users\\gfore\\OneDrive\\Documents\\gforest\\2018\\05 - AMINUM\\41 - Stage\\JavaScript\\chessboard1\\routes\\cgroutes.js","statementMap":{"0":{"start":{"line":1,"column":16},"end":{"line":1,"column":34}},"1":{"start":{"line":2,"column":15},"end":{"line":2,"column":31}},"2":{"start":{"line":4,"column":11},"end":{"line":4,"column":40}},"3":{"start":{"line":8,"column":0},"end":{"line":20,"column":3}},"4":{"start":{"line":9,"column":4},"end":{"line":9,"column":46}},"5":{"start":{"line":11,"column":4},"end":{"line":11,"column":30}},"6":{"start":{"line":15,"column":4},"end":{"line":19,"column":11}},"7":{"start":{"line":17,"column":12},"end":{"line":17,"column":92}},"8":{"start":{"line":17,"column":21},"end":{"line":17,"column":92}},"9":{"start":{"line":18,"column":12},"end":{"line":18,"column":50}},"10":{"start":{"line":23,"column":0},"end":{"line":31,"column":3}},"11":{"start":{"line":24,"column":4},"end":{"line":24,"column":45}},"12":{"start":{"line":26,"column":4},"end":{"line":30,"column":7}},"13":{"start":{"line":27,"column":8},"end":{"line":27,"column":99}},"14":{"start":{"line":27,"column":17},"end":{"line":27,"column":99}},"15":{"start":{"line":28,"column":8},"end":{"line":28,"column":46}},"16":{"start":{"line":34,"column":0},"end":{"line":45,"column":3}},"17":{"start":{"line":35,"column":4},"end":{"line":35,"column":48}},"18":{"start":{"line":37,"column":15},"end":{"line":37,"column":32}},"19":{"start":{"line":39,"column":4},"end":{"line":44,"column":7}},"20":{"start":{"line":40,"column":8},"end":{"line":40,"column":94}},"21":{"start":{"line":40,"column":17},"end":{"line":40,"column":94}},"22":{"start":{"line":41,"column":8},"end":{"line":41,"column":84}},"23":{"start":{"line":41,"column":27},"end":{"line":41,"column":84}},"24":{"start":{"line":42,"column":8},"end":{"line":42,"column":46}},"25":{"start":{"line":47,"column":0},"end":{"line":58,"column":3}},"26":{"start":{"line":48,"column":4},"end":{"line":48,"column":51}},"27":{"start":{"line":50,"column":15},"end":{"line":50,"column":32}},"28":{"start":{"line":52,"column":4},"end":{"line":57,"column":7}},"29":{"start":{"line":53,"column":8},"end":{"line":53,"column":94}},"30":{"start":{"line":53,"column":17},"end":{"line":53,"column":94}},"31":{"start":{"line":54,"column":8},"end":{"line":54,"column":92}},"32":{"start":{"line":54,"column":33},"end":{"line":54,"column":92}},"33":{"start":{"line":55,"column":8},"end":{"line":55,"column":46}},"34":{"start":{"line":60,"column":0},"end":{"line":71,"column":3}},"35":{"start":{"line":61,"column":4},"end":{"line":61,"column":68}},"36":{"start":{"line":62,"column":15},"end":{"line":62,"column":32}},"37":{"start":{"line":64,"column":4},"end":{"line":64,"column":30}},"38":{"start":{"line":66,"column":4},"end":{"line":70,"column":11}},"39":{"start":{"line":68,"column":12},"end":{"line":68,"column":89}},"40":{"start":{"line":68,"column":21},"end":{"line":68,"column":89}},"41":{"start":{"line":69,"column":12},"end":{"line":69,"column":50}},"42":{"start":{"line":75,"column":0},"end":{"line":75,"column":24}}},"fnMap":{"0":{"name":"(anonymous_0)","decl":{"start":{"line":8,"column":27},"end":{"line":8,"column":28}},"loc":{"start":{"line":8,"column":50},"end":{"line":20,"column":1}},"line":8},"1":{"name":"(anonymous_1)","decl":{"start":{"line":16,"column":8},"end":{"line":16,"column":9}},"loc":{"start":{"line":16,"column":22},"end":{"line":19,"column":9}},"line":16},"2":{"name":"(anonymous_2)","decl":{"start":{"line":23,"column":26},"end":{"line":23,"column":27}},"loc":{"start":{"line":23,"column":49},"end":{"line":31,"column":1}},"line":23},"3":{"name":"(anonymous_3)","decl":{"start":{"line":26,"column":25},"end":{"line":26,"column":26}},"loc":{"start":{"line":26,"column":39},"end":{"line":30,"column":5}},"line":26},"4":{"name":"(anonymous_4)","decl":{"start":{"line":34,"column":29},"end":{"line":34,"column":30}},"loc":{"start":{"line":34,"column":52},"end":{"line":45,"column":1}},"line":34},"5":{"name":"(anonymous_5)","decl":{"start":{"line":39,"column":28},"end":{"line":39,"column":29}},"loc":{"start":{"line":39,"column":40},"end":{"line":44,"column":5}},"line":39},"6":{"name":"(anonymous_6)","decl":{"start":{"line":47,"column":32},"end":{"line":47,"column":33}},"loc":{"start":{"line":47,"column":55},"end":{"line":58,"column":1}},"line":47},"7":{"name":"(anonymous_7)","decl":{"start":{"line":52,"column":30},"end":{"line":52,"column":31}},"loc":{"start":{"line":52,"column":42},"end":{"line":57,"column":5}},"line":52},"8":{"name":"(anonymous_8)","decl":{"start":{"line":60,"column":29},"end":{"line":60,"column":30}},"loc":{"start":{"line":60,"column":52},"end":{"line":71,"column":1}},"line":60},"9":{"name":"(anonymous_9)","decl":{"start":{"line":67,"column":8},"end":{"line":67,"column":9}},"loc":{"start":{"line":67,"column":22},"end":{"line":70,"column":9}},"line":67}},"branchMap":{"0":{"loc":{"start":{"line":17,"column":12},"end":{"line":17,"column":92}},"type":"if","locations":[{"start":{"line":17,"column":12},"end":{"line":17,"column":92}},{"start":{},"end":{}}],"line":17},"1":{"loc":{"start":{"line":27,"column":8},"end":{"line":27,"column":99}},"type":"if","locations":[{"start":{"line":27,"column":8},"end":{"line":27,"column":99}},{"start":{},"end":{}}],"line":27},"2":{"loc":{"start":{"line":40,"column":8},"end":{"line":40,"column":94}},"type":"if","locations":[{"start":{"line":40,"column":8},"end":{"line":40,"column":94}},{"start":{},"end":{}}],"line":40},"3":{"loc":{"start":{"line":41,"column":8},"end":{"line":41,"column":84}},"type":"if","locations":[{"start":{"line":41,"column":8},"end":{"line":41,"column":84}},{"start":{},"end":{}}],"line":41},"4":{"loc":{"start":{"line":53,"column":8},"end":{"line":53,"column":94}},"type":"if","locations":[{"start":{"line":53,"column":8},"end":{"line":53,"column":94}},{"start":{},"end":{}}],"line":53},"5":{"loc":{"start":{"line":54,"column":8},"end":{"line":54,"column":92}},"type":"if","locations":[{"start":{"line":54,"column":8},"end":{"line":54,"column":92}},{"start":{},"end":{}}],"line":54},"6":{"loc":{"start":{"line":68,"column":12},"end":{"line":68,"column":89}},"type":"if","locations":[{"start":{"line":68,"column":12},"end":{"line":68,"column":89}},{"start":{},"end":{}}],"line":68}},"s":{"0":1,"1":1,"2":1,"3":1,"4":0,"5":0,"6":0,"7":0,"8":0,"9":0,"10":1,"11":0,"12":0,"13":0,"14":0,"15":0,"16":1,"17":0,"18":0,"19":0,"20":0,"21":0,"22":0,"23":0,"24":0,"25":1,"26":0,"27":0,"28":0,"29":0,"30":0,"31":0,"32":0,"33":0,"34":1,"35":0,"36":0,"37":0,"38":0,"39":0,"40":0,"41":0,"42":1},"f":{"0":0,"1":0,"2":0,"3":0,"4":0,"5":0,"6":0,"7":0,"8":0,"9":0},"b":{"0":[0,0],"1":[0,0],"2":[0,0],"3":[0,0],"4":[0,0],"5":[0,0],"6":[0,0]},"_coverageSchema":"1a1c01bbd47fc00a2c39e90264f33305004495a9","hash":"8fda00a333ba6693895a9203d9ae2c7980c5deeb"}
,"C:\\Users\\gfore\\OneDrive\\Documents\\gforest\\2018\\05 - AMINUM\\41 - Stage\\JavaScript\\chessboard1\\routes\\k8sroutes.js": {"path":"C:\\Users\\gfore\\OneDrive\\Documents\\gforest\\2018\\05 - AMINUM\\41 - Stage\\JavaScript\\chessboard1\\routes\\k8sroutes.js","statementMap":{"0":{"start":{"line":1,"column":16},"end":{"line":1,"column":34}},"1":{"start":{"line":2,"column":15},"end":{"line":2,"column":31}},"2":{"start":{"line":4,"column":0},"end":{"line":9,"column":3}},"3":{"start":{"line":6,"column":4},"end":{"line":6,"column":33}},"4":{"start":{"line":8,"column":4},"end":{"line":8,"column":56}},"5":{"start":{"line":11,"column":0},"end":{"line":16,"column":3}},"6":{"start":{"line":13,"column":4},"end":{"line":13,"column":34}},"7":{"start":{"line":15,"column":4},"end":{"line":15,"column":59}},"8":{"start":{"line":19,"column":0},"end":{"line":19,"column":24}}},"fnMap":{"0":{"name":"(anonymous_0)","decl":{"start":{"line":4,"column":24},"end":{"line":4,"column":25}},"loc":{"start":{"line":4,"column":47},"end":{"line":9,"column":1}},"line":4},"1":{"name":"(anonymous_1)","decl":{"start":{"line":11,"column":25},"end":{"line":11,"column":26}},"loc":{"start":{"line":11,"column":48},"end":{"line":16,"column":1}},"line":11}},"branchMap":{},"s":{"0":1,"1":1,"2":1,"3":0,"4":0,"5":1,"6":0,"7":0,"8":1},"f":{"0":0,"1":0},"b":{},"_coverageSchema":"1a1c01bbd47fc00a2c39e90264f33305004495a9","hash":"e7e56deaa3e2c6cefe7ca15bf2832f76f8f817ea"}
,"C:\\Users\\gfore\\OneDrive\\Documents\\gforest\\2018\\05 - AMINUM\\41 - Stage\\JavaScript\\chessboard1\\routes\\usroutes.js": {"path":"C:\\Users\\gfore\\OneDrive\\Documents\\gforest\\2018\\05 - AMINUM\\41 - Stage\\JavaScript\\chessboard1\\routes\\usroutes.js","statementMap":{"0":{"start":{"line":1,"column":16},"end":{"line":1,"column":34}},"1":{"start":{"line":2,"column":15},"end":{"line":2,"column":31}},"2":{"start":{"line":4,"column":21},"end":{"line":4,"column":52}},"3":{"start":{"line":10,"column":0},"end":{"line":28,"column":3}},"4":{"start":{"line":11,"column":4},"end":{"line":11,"column":42}},"5":{"start":{"line":13,"column":4},"end":{"line":13,"column":30}},"6":{"start":{"line":15,"column":4},"end":{"line":19,"column":11}},"7":{"start":{"line":17,"column":12},"end":{"line":17,"column":92}},"8":{"start":{"line":17,"column":21},"end":{"line":17,"column":92}},"9":{"start":{"line":18,"column":12},"end":{"line":18,"column":50}},"10":{"start":{"line":31,"column":0},"end":{"line":58,"column":3}},"11":{"start":{"line":32,"column":4},"end":{"line":32,"column":41}},"12":{"start":{"line":34,"column":4},"end":{"line":38,"column":7}},"13":{"start":{"line":35,"column":8},"end":{"line":35,"column":94}},"14":{"start":{"line":35,"column":17},"end":{"line":35,"column":94}},"15":{"start":{"line":36,"column":8},"end":{"line":36,"column":46}},"16":{"start":{"line":61,"column":0},"end":{"line":89,"column":3}},"17":{"start":{"line":62,"column":4},"end":{"line":62,"column":44}},"18":{"start":{"line":64,"column":15},"end":{"line":64,"column":32}},"19":{"start":{"line":66,"column":4},"end":{"line":71,"column":7}},"20":{"start":{"line":67,"column":8},"end":{"line":67,"column":94}},"21":{"start":{"line":67,"column":17},"end":{"line":67,"column":94}},"22":{"start":{"line":68,"column":8},"end":{"line":68,"column":86}},"23":{"start":{"line":68,"column":27},"end":{"line":68,"column":86}},"24":{"start":{"line":69,"column":8},"end":{"line":69,"column":46}},"25":{"start":{"line":91,"column":0},"end":{"line":102,"column":3}},"26":{"start":{"line":92,"column":4},"end":{"line":92,"column":47}},"27":{"start":{"line":94,"column":15},"end":{"line":94,"column":32}},"28":{"start":{"line":95,"column":4},"end":{"line":95,"column":43}},"29":{"start":{"line":96,"column":4},"end":{"line":101,"column":7}},"30":{"start":{"line":97,"column":8},"end":{"line":97,"column":94}},"31":{"start":{"line":97,"column":17},"end":{"line":97,"column":94}},"32":{"start":{"line":98,"column":8},"end":{"line":98,"column":92}},"33":{"start":{"line":98,"column":33},"end":{"line":98,"column":92}},"34":{"start":{"line":99,"column":8},"end":{"line":99,"column":46}},"35":{"start":{"line":104,"column":0},"end":{"line":123,"column":3}},"36":{"start":{"line":105,"column":4},"end":{"line":105,"column":64}},"37":{"start":{"line":106,"column":15},"end":{"line":106,"column":32}},"38":{"start":{"line":108,"column":4},"end":{"line":108,"column":30}},"39":{"start":{"line":110,"column":4},"end":{"line":114,"column":11}},"40":{"start":{"line":112,"column":12},"end":{"line":112,"column":89}},"41":{"start":{"line":112,"column":21},"end":{"line":112,"column":89}},"42":{"start":{"line":113,"column":12},"end":{"line":113,"column":50}},"43":{"start":{"line":127,"column":0},"end":{"line":127,"column":24}}},"fnMap":{"0":{"name":"(anonymous_0)","decl":{"start":{"line":10,"column":23},"end":{"line":10,"column":24}},"loc":{"start":{"line":10,"column":46},"end":{"line":28,"column":1}},"line":10},"1":{"name":"(anonymous_1)","decl":{"start":{"line":16,"column":8},"end":{"line":16,"column":9}},"loc":{"start":{"line":16,"column":22},"end":{"line":19,"column":9}},"line":16},"2":{"name":"(anonymous_2)","decl":{"start":{"line":31,"column":22},"end":{"line":31,"column":23}},"loc":{"start":{"line":31,"column":45},"end":{"line":58,"column":1}},"line":31},"3":{"name":"(anonymous_3)","decl":{"start":{"line":34,"column":30},"end":{"line":34,"column":31}},"loc":{"start":{"line":34,"column":44},"end":{"line":38,"column":5}},"line":34},"4":{"name":"(anonymous_4)","decl":{"start":{"line":61,"column":25},"end":{"line":61,"column":26}},"loc":{"start":{"line":61,"column":48},"end":{"line":89,"column":1}},"line":61},"5":{"name":"(anonymous_5)","decl":{"start":{"line":66,"column":33},"end":{"line":66,"column":34}},"loc":{"start":{"line":66,"column":45},"end":{"line":71,"column":5}},"line":66},"6":{"name":"(anonymous_6)","decl":{"start":{"line":91,"column":28},"end":{"line":91,"column":29}},"loc":{"start":{"line":91,"column":51},"end":{"line":102,"column":1}},"line":91},"7":{"name":"(anonymous_7)","decl":{"start":{"line":96,"column":35},"end":{"line":96,"column":36}},"loc":{"start":{"line":96,"column":47},"end":{"line":101,"column":5}},"line":96},"8":{"name":"(anonymous_8)","decl":{"start":{"line":104,"column":25},"end":{"line":104,"column":26}},"loc":{"start":{"line":104,"column":48},"end":{"line":123,"column":1}},"line":104},"9":{"name":"(anonymous_9)","decl":{"start":{"line":111,"column":8},"end":{"line":111,"column":9}},"loc":{"start":{"line":111,"column":22},"end":{"line":114,"column":9}},"line":111}},"branchMap":{"0":{"loc":{"start":{"line":17,"column":12},"end":{"line":17,"column":92}},"type":"if","locations":[{"start":{"line":17,"column":12},"end":{"line":17,"column":92}},{"start":{},"end":{}}],"line":17},"1":{"loc":{"start":{"line":35,"column":8},"end":{"line":35,"column":94}},"type":"if","locations":[{"start":{"line":35,"column":8},"end":{"line":35,"column":94}},{"start":{},"end":{}}],"line":35},"2":{"loc":{"start":{"line":67,"column":8},"end":{"line":67,"column":94}},"type":"if","locations":[{"start":{"line":67,"column":8},"end":{"line":67,"column":94}},{"start":{},"end":{}}],"line":67},"3":{"loc":{"start":{"line":68,"column":8},"end":{"line":68,"column":86}},"type":"if","locations":[{"start":{"line":68,"column":8},"end":{"line":68,"column":86}},{"start":{},"end":{}}],"line":68},"4":{"loc":{"start":{"line":97,"column":8},"end":{"line":97,"column":94}},"type":"if","locations":[{"start":{"line":97,"column":8},"end":{"line":97,"column":94}},{"start":{},"end":{}}],"line":97},"5":{"loc":{"start":{"line":98,"column":8},"end":{"line":98,"column":92}},"type":"if","locations":[{"start":{"line":98,"column":8},"end":{"line":98,"column":92}},{"start":{},"end":{}}],"line":98},"6":{"loc":{"start":{"line":112,"column":12},"end":{"line":112,"column":89}},"type":"if","locations":[{"start":{"line":112,"column":12},"end":{"line":112,"column":89}},{"start":{},"end":{}}],"line":112}},"s":{"0":1,"1":1,"2":1,"3":1,"4":1,"5":1,"6":1,"7":1,"8":0,"9":1,"10":1,"11":1,"12":1,"13":1,"14":0,"15":1,"16":1,"17":2,"18":2,"19":2,"20":2,"21":0,"22":2,"23":1,"24":1,"25":1,"26":1,"27":1,"28":1,"29":1,"30":1,"31":0,"32":1,"33":0,"34":1,"35":1,"36":1,"37":1,"38":1,"39":1,"40":1,"41":0,"42":1,"43":1},"f":{"0":1,"1":1,"2":1,"3":1,"4":2,"5":2,"6":1,"7":1,"8":1,"9":1},"b":{"0":[0,1],"1":[0,1],"2":[0,2],"3":[1,1],"4":[0,1],"5":[0,1],"6":[0,1]},"_coverageSchema":"1a1c01bbd47fc00a2c39e90264f33305004495a9","hash":"9b9eab9b08b1f2cdd2be375ebd6847972722c665"}
}
