{"C:\\Users\\gfore\\OneDrive\\Documents\\gforest\\2018\\05 - AMINUM\\41 - Stage\\JavaScript\\chessboard1\\model\\utilisateur.js": {"path":"C:\\Users\\gfore\\OneDrive\\Documents\\gforest\\2018\\05 - AMINUM\\41 - Stage\\JavaScript\\chessboard1\\model\\utilisateur.js","statementMap":{"0":{"start":{"line":1,"column":14},"end":{"line":1,"column":30}},"1":{"start":{"line":11,"column":24},"end":{"line":17,"column":2}},"2":{"start":{"line":19,"column":0},"end":{"line":19,"column":56}},"3":{"start":{"line":32,"column":8},"end":{"line":32,"column":21}},"4":{"start":{"line":33,"column":8},"end":{"line":33,"column":27}},"5":{"start":{"line":34,"column":8},"end":{"line":34,"column":35}},"6":{"start":{"line":35,"column":8},"end":{"line":35,"column":33}},"7":{"start":{"line":40,"column":23},"end":{"line":40,"column":90}},"8":{"start":{"line":41,"column":4},"end":{"line":50,"column":7}},"9":{"start":{"line":42,"column":8},"end":{"line":46,"column":9}},"10":{"start":{"line":43,"column":12},"end":{"line":43,"column":44}},"11":{"start":{"line":44,"column":12},"end":{"line":44,"column":37}},"12":{"start":{"line":45,"column":12},"end":{"line":45,"column":39}},"13":{"start":{"line":47,"column":8},"end":{"line":47,"column":41}},"14":{"start":{"line":48,"column":8},"end":{"line":48,"column":25}},"15":{"start":{"line":49,"column":8},"end":{"line":49,"column":35}},"16":{"start":{"line":54,"column":23},"end":{"line":54,"column":55}},"17":{"start":{"line":55,"column":4},"end":{"line":82,"column":5}},"18":{"start":{"line":56,"column":8},"end":{"line":78,"column":11}},"19":{"start":{"line":57,"column":12},"end":{"line":61,"column":13}},"20":{"start":{"line":58,"column":16},"end":{"line":58,"column":52}},"21":{"start":{"line":59,"column":16},"end":{"line":59,"column":41}},"22":{"start":{"line":60,"column":16},"end":{"line":60,"column":43}},"23":{"start":{"line":62,"column":12},"end":{"line":62,"column":49}},"24":{"start":{"line":63,"column":12},"end":{"line":63,"column":29}},"25":{"start":{"line":64,"column":12},"end":{"line":64,"column":39}},"26":{"start":{"line":81,"column":8},"end":{"line":81,"column":37}},"27":{"start":{"line":86,"column":23},"end":{"line":86,"column":44}},"28":{"start":{"line":88,"column":4},"end":{"line":110,"column":7}},"29":{"start":{"line":89,"column":8},"end":{"line":93,"column":9}},"30":{"start":{"line":90,"column":12},"end":{"line":90,"column":48}},"31":{"start":{"line":91,"column":12},"end":{"line":91,"column":37}},"32":{"start":{"line":92,"column":12},"end":{"line":92,"column":39}},"33":{"start":{"line":94,"column":8},"end":{"line":94,"column":45}},"34":{"start":{"line":95,"column":8},"end":{"line":95,"column":25}},"35":{"start":{"line":96,"column":8},"end":{"line":96,"column":35}},"36":{"start":{"line":123,"column":23},"end":{"line":123,"column":53}},"37":{"start":{"line":124,"column":4},"end":{"line":133,"column":7}},"38":{"start":{"line":125,"column":8},"end":{"line":129,"column":9}},"39":{"start":{"line":126,"column":12},"end":{"line":126,"column":48}},"40":{"start":{"line":127,"column":12},"end":{"line":127,"column":37}},"41":{"start":{"line":128,"column":12},"end":{"line":128,"column":39}},"42":{"start":{"line":130,"column":8},"end":{"line":130,"column":45}},"43":{"start":{"line":131,"column":8},"end":{"line":131,"column":25}},"44":{"start":{"line":132,"column":8},"end":{"line":132,"column":35}},"45":{"start":{"line":137,"column":23},"end":{"line":137,"column":92}},"46":{"start":{"line":138,"column":4},"end":{"line":147,"column":7}},"47":{"start":{"line":139,"column":8},"end":{"line":143,"column":9}},"48":{"start":{"line":140,"column":12},"end":{"line":140,"column":48}},"49":{"start":{"line":141,"column":12},"end":{"line":141,"column":37}},"50":{"start":{"line":142,"column":12},"end":{"line":142,"column":39}},"51":{"start":{"line":144,"column":8},"end":{"line":144,"column":45}},"52":{"start":{"line":145,"column":8},"end":{"line":145,"column":25}},"53":{"start":{"line":146,"column":8},"end":{"line":146,"column":35}},"54":{"start":{"line":149,"column":0},"end":{"line":149,"column":35}},"55":{"start":{"line":150,"column":0},"end":{"line":150,"column":41}},"56":{"start":{"line":151,"column":0},"end":{"line":151,"column":43}},"57":{"start":{"line":152,"column":0},"end":{"line":152,"column":45}},"58":{"start":{"line":153,"column":0},"end":{"line":153,"column":45}}},"fnMap":{"0":{"name":"(anonymous_0)","decl":{"start":{"line":31,"column":4},"end":{"line":31,"column":5}},"loc":{"start":{"line":31,"column":48},"end":{"line":36,"column":5}},"line":31},"1":{"name":"saveUser","decl":{"start":{"line":39,"column":9},"end":{"line":39,"column":17}},"loc":{"start":{"line":39,"column":56},"end":{"line":51,"column":1}},"line":39},"2":{"name":"(anonymous_2)","decl":{"start":{"line":41,"column":68},"end":{"line":41,"column":69}},"loc":{"start":{"line":41,"column":82},"end":{"line":50,"column":5}},"line":41},"3":{"name":"findOneUser","decl":{"start":{"line":53,"column":9},"end":{"line":53,"column":20}},"loc":{"start":{"line":53,"column":35},"end":{"line":83,"column":1}},"line":53},"4":{"name":"(anonymous_4)","decl":{"start":{"line":56,"column":48},"end":{"line":56,"column":49}},"loc":{"start":{"line":56,"column":62},"end":{"line":78,"column":9}},"line":56},"5":{"name":"findAllUsers","decl":{"start":{"line":85,"column":9},"end":{"line":85,"column":21}},"loc":{"start":{"line":85,"column":32},"end":{"line":111,"column":1}},"line":85},"6":{"name":"(anonymous_6)","decl":{"start":{"line":88,"column":38},"end":{"line":88,"column":39}},"loc":{"start":{"line":88,"column":52},"end":{"line":110,"column":5}},"line":88},"7":{"name":"deleteOneUser","decl":{"start":{"line":122,"column":9},"end":{"line":122,"column":22}},"loc":{"start":{"line":122,"column":37},"end":{"line":134,"column":1}},"line":122},"8":{"name":"(anonymous_8)","decl":{"start":{"line":124,"column":44},"end":{"line":124,"column":45}},"loc":{"start":{"line":124,"column":58},"end":{"line":133,"column":5}},"line":124},"9":{"name":"updateOneUser","decl":{"start":{"line":136,"column":9},"end":{"line":136,"column":22}},"loc":{"start":{"line":136,"column":60},"end":{"line":148,"column":1}},"line":136},"10":{"name":"(anonymous_10)","decl":{"start":{"line":138,"column":72},"end":{"line":138,"column":73}},"loc":{"start":{"line":138,"column":86},"end":{"line":147,"column":5}},"line":138}},"branchMap":{"0":{"loc":{"start":{"line":42,"column":8},"end":{"line":46,"column":9}},"type":"if","locations":[{"start":{"line":42,"column":8},"end":{"line":46,"column":9}},{"start":{},"end":{}}],"line":42},"1":{"loc":{"start":{"line":57,"column":12},"end":{"line":61,"column":13}},"type":"if","locations":[{"start":{"line":57,"column":12},"end":{"line":61,"column":13}},{"start":{},"end":{}}],"line":57},"2":{"loc":{"start":{"line":89,"column":8},"end":{"line":93,"column":9}},"type":"if","locations":[{"start":{"line":89,"column":8},"end":{"line":93,"column":9}},{"start":{},"end":{}}],"line":89},"3":{"loc":{"start":{"line":125,"column":8},"end":{"line":129,"column":9}},"type":"if","locations":[{"start":{"line":125,"column":8},"end":{"line":129,"column":9}},{"start":{},"end":{}}],"line":125},"4":{"loc":{"start":{"line":139,"column":8},"end":{"line":143,"column":9}},"type":"if","locations":[{"start":{"line":139,"column":8},"end":{"line":143,"column":9}},{"start":{},"end":{}}],"line":139}},"s":{"0":1,"1":1,"2":1,"3":0,"4":0,"5":0,"6":0,"7":0,"8":0,"9":0,"10":0,"11":0,"12":0,"13":0,"14":0,"15":0,"16":0,"17":0,"18":0,"19":0,"20":0,"21":0,"22":0,"23":0,"24":0,"25":0,"26":0,"27":0,"28":0,"29":0,"30":0,"31":0,"32":0,"33":0,"34":0,"35":0,"36":0,"37":0,"38":0,"39":0,"40":0,"41":0,"42":0,"43":0,"44":0,"45":0,"46":0,"47":0,"48":0,"49":0,"50":0,"51":0,"52":0,"53":0,"54":1,"55":1,"56":1,"57":1,"58":1},"f":{"0":0,"1":0,"2":0,"3":0,"4":0,"5":0,"6":0,"7":0,"8":0,"9":0,"10":0},"b":{"0":[0,0],"1":[0,0],"2":[0,0],"3":[0,0],"4":[0,0]},"_coverageSchema":"1a1c01bbd47fc00a2c39e90264f33305004495a9","hash":"f7dd4d88501c7e55bd7eb34407c9c9eb332547c1"}
}
