TN:
SF:chessapp.js
FN:58,(anonymous_0)
FNF:1
FNH:1
FNDA:15,(anonymous_0)
DA:1,2
DA:4,2
DA:6,2
DA:7,2
DA:8,2
DA:9,2
DA:10,2
DA:11,2
DA:14,2
DA:15,2
DA:20,2
DA:25,2
DA:33,2
DA:36,2
DA:37,2
DA:38,2
DA:39,2
DA:40,2
DA:41,2
DA:46,2
DA:49,2
DA:51,2
DA:53,2
DA:55,2
DA:58,2
DA:59,15
DA:60,15
DA:61,15
DA:62,15
DA:64,2
DA:69,2
DA:70,2
DA:71,2
DA:74,2
DA:75,2
DA:76,2
DA:79,2
LF:37
LH:37
BRF:0
BRH:0
end_of_record
TN:
SF:config\logger.js
FNF:0
FNH:0
DA:4,3
DA:6,3
DA:16,3
DA:27,3
LF:4
LH:4
BRF:0
BRH:0
end_of_record
TN:
SF:model\chessgame.js
FN:23,(anonymous_0)
FN:26,(anonymous_1)
FN:30,(anonymous_2)
FN:48,saveChessGame
FN:52,(anonymous_4)
FN:64,findOneChessGame
FN:67,(anonymous_6)
FN:96,findAllChessGames
FN:99,(anonymous_8)
FN:133,deleteOneChessGame
FN:135,(anonymous_10)
FN:147,updateOneChessGame
FN:162,(anonymous_12)
FNF:13
FNH:10
FNDA:0,(anonymous_0)
FNDA:0,(anonymous_1)
FNDA:0,(anonymous_2)
FNDA:1,saveChessGame
FNDA:1,(anonymous_4)
FNDA:3,findOneChessGame
FNDA:3,(anonymous_6)
FNDA:1,findAllChessGames
FNDA:1,(anonymous_8)
FNDA:1,deleteOneChessGame
FNDA:1,(anonymous_10)
FNDA:1,updateOneChessGame
FNDA:1,(anonymous_12)
DA:1,2
DA:5,2
DA:7,2
DA:15,2
DA:23,2
DA:24,0
DA:26,2
DA:27,0
DA:28,0
DA:30,2
DA:31,0
DA:32,0
DA:35,2
DA:49,1
DA:52,1
DA:53,1
DA:54,1
DA:55,1
DA:56,1
DA:58,0
DA:59,0
DA:60,0
DA:65,3
DA:66,3
DA:67,3
DA:68,3
DA:69,3
DA:70,3
DA:71,3
DA:73,0
DA:74,0
DA:75,0
DA:92,0
DA:97,1
DA:99,1
DA:100,1
DA:101,1
DA:102,1
DA:103,1
DA:105,0
DA:106,0
DA:107,0
DA:134,1
DA:135,1
DA:136,1
DA:137,1
DA:138,1
DA:139,1
DA:141,0
DA:142,0
DA:143,0
DA:154,1
DA:159,1
DA:160,1
DA:161,1
DA:162,1
DA:163,1
DA:164,1
DA:165,1
DA:166,1
DA:168,0
DA:169,0
DA:170,0
DA:174,2
DA:175,2
DA:176,2
DA:177,2
DA:178,2
LF:68
LH:47
BRDA:53,0,0,1
BRDA:53,0,1,0
BRDA:68,1,0,3
BRDA:68,1,1,0
BRDA:100,2,0,1
BRDA:100,2,1,0
BRDA:136,3,0,1
BRDA:136,3,1,0
BRDA:163,4,0,1
BRDA:163,4,1,0
BRF:10
BRH:5
end_of_record
TN:
SF:model\utilisateur.js
FN:20,checkDatabase
FN:29,(anonymous_1)
FN:57,(anonymous_2)
FN:65,saveUser
FN:67,(anonymous_4)
FN:79,findOneUser
FN:82,(anonymous_6)
FN:111,findAllUsers
FN:114,(anonymous_8)
FN:148,deleteOneUser
FN:150,(anonymous_10)
FN:162,updateOneUser
FN:164,(anonymous_12)
FNF:13
FNH:12
FNDA:3,checkDatabase
FNDA:2,(anonymous_1)
FNDA:0,(anonymous_2)
FNDA:4,saveUser
FNDA:3,(anonymous_4)
FNDA:2,findOneUser
FNDA:2,(anonymous_6)
FNDA:1,findAllUsers
FNDA:1,(anonymous_8)
FNDA:1,deleteOneUser
FNDA:1,(anonymous_10)
FNDA:1,updateOneUser
FNDA:1,(anonymous_12)
DA:1,3
DA:2,3
DA:12,3
DA:21,3
DA:29,3
DA:30,2
DA:32,2
DA:33,2
DA:36,0
DA:37,0
DA:41,3
DA:45,3
DA:58,0
DA:59,0
DA:60,0
DA:61,0
DA:66,4
DA:67,4
DA:68,3
DA:71,3
DA:75,0
DA:80,2
DA:81,2
DA:82,2
DA:83,2
DA:84,2
DA:85,2
DA:86,2
DA:88,0
DA:89,0
DA:90,0
DA:107,0
DA:112,1
DA:114,1
DA:115,1
DA:116,1
DA:117,1
DA:118,1
DA:120,0
DA:121,0
DA:122,0
DA:149,1
DA:150,1
DA:151,1
DA:152,1
DA:153,1
DA:154,1
DA:156,0
DA:157,0
DA:158,0
DA:163,1
DA:164,1
DA:165,1
DA:166,1
DA:167,1
DA:168,1
DA:170,0
DA:171,0
DA:172,0
DA:175,3
DA:176,3
DA:177,3
DA:178,3
DA:179,3
LF:64
LH:44
BRDA:30,0,0,2
BRDA:30,0,1,0
BRDA:68,1,0,3
BRDA:68,1,1,0
BRDA:83,2,0,2
BRDA:83,2,1,0
BRDA:115,3,0,1
BRDA:115,3,1,0
BRDA:151,4,0,1
BRDA:151,4,1,0
BRDA:165,5,0,1
BRDA:165,5,1,0
BRF:12
BRH:6
end_of_record
TN:
SF:routes\cgroutes.js
FN:9,(anonymous_0)
FN:21,(anonymous_1)
FN:28,(anonymous_2)
FN:31,(anonymous_3)
FN:39,(anonymous_4)
FN:44,(anonymous_5)
FN:52,(anonymous_6)
FN:57,(anonymous_7)
FN:65,(anonymous_8)
FN:77,(anonymous_9)
FNF:10
FNH:10
FNDA:1,(anonymous_0)
FNDA:1,(anonymous_1)
FNDA:1,(anonymous_2)
FNDA:1,(anonymous_3)
FNDA:3,(anonymous_4)
FNDA:3,(anonymous_5)
FNDA:1,(anonymous_6)
FNDA:1,(anonymous_7)
FNDA:1,(anonymous_8)
FNDA:1,(anonymous_9)
DA:1,2
DA:2,2
DA:3,2
DA:5,2
DA:9,2
DA:10,1
DA:12,1
DA:15,1
DA:16,1
DA:17,1
DA:18,1
DA:20,1
DA:22,1
DA:23,0
DA:28,2
DA:29,1
DA:31,1
DA:32,1
DA:33,0
DA:39,2
DA:40,3
DA:42,3
DA:44,3
DA:45,3
DA:46,0
DA:47,0
DA:52,2
DA:53,1
DA:55,1
DA:57,1
DA:58,1
DA:59,0
DA:60,0
DA:65,2
DA:66,1
DA:67,1
DA:69,1
DA:71,1
DA:72,1
DA:73,1
DA:74,1
DA:76,1
DA:78,1
DA:79,0
DA:85,2
LF:45
LH:38
BRDA:22,0,0,1
BRDA:22,0,1,0
BRDA:32,1,0,1
BRDA:32,1,1,0
BRDA:45,2,0,3
BRDA:45,2,1,0
BRDA:46,3,0,0
BRDA:46,3,1,0
BRDA:58,4,0,1
BRDA:58,4,1,0
BRDA:59,5,0,0
BRDA:59,5,1,0
BRDA:78,6,0,1
BRDA:78,6,1,0
BRF:14
BRH:5
end_of_record
TN:
SF:routes\k8sroutes.js
FN:5,(anonymous_0)
FN:12,(anonymous_1)
FNF:2
FNH:0
FNDA:0,(anonymous_0)
FNDA:0,(anonymous_1)
DA:1,2
DA:2,2
DA:3,2
DA:5,2
DA:7,0
DA:9,0
DA:12,2
DA:14,0
DA:16,0
DA:20,2
LF:10
LH:6
BRF:0
BRH:0
end_of_record
TN:
SF:routes\usroutes.js
FN:11,(anonymous_0)
FN:17,(anonymous_1)
FN:32,(anonymous_2)
FN:35,(anonymous_3)
FN:62,(anonymous_4)
FN:67,(anonymous_5)
FN:92,(anonymous_6)
FN:96,(anonymous_7)
FN:104,(anonymous_8)
FN:111,(anonymous_9)
FNF:10
FNH:10
FNDA:3,(anonymous_0)
FNDA:3,(anonymous_1)
FNDA:1,(anonymous_2)
FNDA:1,(anonymous_3)
FNDA:2,(anonymous_4)
FNDA:2,(anonymous_5)
FNDA:1,(anonymous_6)
FNDA:1,(anonymous_7)
FNDA:1,(anonymous_8)
FNDA:1,(anonymous_9)
DA:1,2
DA:2,2
DA:3,2
DA:5,2
DA:11,2
DA:12,3
DA:14,3
DA:16,3
DA:18,3
DA:19,0
DA:32,2
DA:33,1
DA:35,1
DA:36,1
DA:37,0
DA:62,2
DA:63,2
DA:65,2
DA:67,2
DA:68,2
DA:69,0
DA:70,0
DA:92,2
DA:93,1
DA:95,1
DA:96,1
DA:97,1
DA:98,0
DA:99,0
DA:104,2
DA:105,1
DA:106,1
DA:108,1
DA:110,1
DA:112,1
DA:113,0
DA:127,2
LF:37
LH:30
BRDA:18,0,0,3
BRDA:18,0,1,0
BRDA:36,1,0,1
BRDA:36,1,1,0
BRDA:68,2,0,2
BRDA:68,2,1,0
BRDA:69,3,0,0
BRDA:69,3,1,0
BRDA:97,4,0,1
BRDA:97,4,1,0
BRDA:98,5,0,0
BRDA:98,5,1,0
BRDA:112,6,0,1
BRDA:112,6,1,0
BRF:14
BRH:5
end_of_record
