TN:
SF:model\utilisateur.js
FN:31,(anonymous_0)
FN:39,saveUser
FN:41,(anonymous_2)
FN:53,findOneUser
FN:56,(anonymous_4)
FN:85,findAllUsers
FN:88,(anonymous_6)
FN:122,deleteOneUser
FN:124,(anonymous_8)
FN:136,updateOneUser
FN:138,(anonymous_10)
FNF:11
FNH:0
FNDA:0,(anonymous_0)
FNDA:0,saveUser
FNDA:0,(anonymous_2)
FNDA:0,findOneUser
FNDA:0,(anonymous_4)
FNDA:0,findAllUsers
FNDA:0,(anonymous_6)
FNDA:0,deleteOneUser
FNDA:0,(anonymous_8)
FNDA:0,updateOneUser
FNDA:0,(anonymous_10)
DA:1,1
DA:11,1
DA:19,1
DA:32,0
DA:33,0
DA:34,0
DA:35,0
DA:40,0
DA:41,0
DA:42,0
DA:43,0
DA:44,0
DA:45,0
DA:47,0
DA:48,0
DA:49,0
DA:54,0
DA:55,0
DA:56,0
DA:57,0
DA:58,0
DA:59,0
DA:60,0
DA:62,0
DA:63,0
DA:64,0
DA:81,0
DA:86,0
DA:88,0
DA:89,0
DA:90,0
DA:91,0
DA:92,0
DA:94,0
DA:95,0
DA:96,0
DA:123,0
DA:124,0
DA:125,0
DA:126,0
DA:127,0
DA:128,0
DA:130,0
DA:131,0
DA:132,0
DA:137,0
DA:138,0
DA:139,0
DA:140,0
DA:141,0
DA:142,0
DA:144,0
DA:145,0
DA:146,0
DA:149,1
DA:150,1
DA:151,1
DA:152,1
DA:153,1
LF:59
LH:8
BRDA:42,0,0,0
BRDA:42,0,1,0
BRDA:57,1,0,0
BRDA:57,1,1,0
BRDA:89,2,0,0
BRDA:89,2,1,0
BRDA:125,3,0,0
BRDA:125,3,1,0
BRDA:139,4,0,0
BRDA:139,4,1,0
BRF:10
BRH:0
end_of_record
